      _id: jkj238238jdsnfsj23
    email: foo@bar.com ==> coo@bar.com ==> bill@bar.com
firstName: John ==> Ted ==> John
 lastName: Smith ==> Jones ==> Smith
  address: 123 Street St ==> 456 Neat St ==> 888 Mayberry St
entryDate: 2014-05-07T17:30:20+00:00 ==> 2014-05-07T17:32:20+00:00 ==> 2014-05-07T17:33:20+00:00

      _id: edu45238jdsnfsj23 ==> belr28238jdsnfsj23
    email: mae@bar.com
firstName: Ted ==> Tallulah
 lastName: Masters ==> Smith
  address: 44 North Hampton St ==> 123 Water St
entryDate: 2014-05-07T17:31:20+00:00 ==> 2014-05-07T17:33:20+00:00

      _id: wabaj238238jdsnfsj23
    email: bog@bar.com
firstName: Fran
 lastName: Jones
  address: 8803 Dark St
entryDate: 2014-05-07T17:31:20+00:00

      _id: sel045238jdsnfsj23 ==> qest38238jdsnfsj23 ==> wuj08238jdsnfsj23
    email: foo@bar.com
firstName: John ==> Micah
 lastName: Smith ==> Valmer
  address: 123 Street St
entryDate: 2014-05-07T17:32:20+00:00 ==> 2014-05-07T17:33:20+00:00

      _id: vug789238jdsnfsj23
    email: foo1@bar.com
firstName: Blake
 lastName: Douglas
  address: 123 Reach St
entryDate: 2014-05-07T17:33:20+00:00
